  Activating project at `~/Library/CloudStorage/OneDrive-BristolMyersSquibb/Documents/Julia packages/MultistateModels.jl/MultistateModelsTests`

============================================================
Test Cache Status
============================================================
Git: penalized_splines @ 883a1a1

Last updated: 2026-01-03T18:30:00.000
Cache commit: 44ce5f9

✅ All categories up to date

Test Results:
  ✅ surrogates: 28 passed, 0 failed, 0 errors
  ✅ simulation: 227 passed, 0 failed, 0 errors
  ✅ mcem: 24 passed, 0 failed, 0 errors
  ✅ splines: 255 passed, 0 failed, 0 errors
  ✅ infrastructure: 64 passed, 0 failed, 0 errors
  ✅ modelgeneration: 55 passed, 0 failed, 0 errors
  ✅ numerical_stability: 79 passed, 0 failed, 0 errors
  ✅ helpers: 35 passed, 0 failed, 0 errors
  ✅ reconstructor: 79 passed, 0 failed, 0 errors
  ✅ initialization: 13 passed, 0 failed, 0 errors
  ✅ hazards: 163 passed, 0 failed, 0 errors
  ✅ compute_hazard: 52 passed, 0 failed, 0 errors
  ✅ sir: 21 passed, 0 failed, 0 errors
  ✅ phasetype: 505 passed, 0 failed, 0 errors
  ✅ hazard_macro: 39 passed, 0 failed, 0 errors
  ✅ ad_backends: 32 passed, 0 failed, 0 errors
  ✅ model_output: 27 passed, 0 failed, 0 errors
  ✅ variance: 55 passed, 0 failed, 0 errors
  ✅ pijcv: 53 passed, 0 failed, 0 errors
  ✅ regressions: 4 passed, 0 failed, 0 errors
============================================================


[31m

processing file: spline_comparison_benchmark.qmd
[39m1/51                     
2/51 [setup]             
3/51                     
4/51 [load-data]         
5/51                     
6/51 [data-summary]      
7/51                     
8/51 [event-times]       
9/51                     
10/51 [true-hazards]      
11/51                     
12/51 [pam-setup]         
13/51                     
14/51 [pam-fit]           
15/51                     
16/51 [flexsurv-setup]    
17/51                     
18/51 [flexsurv-fit]      
19/51                     
20/51 [julia-load]        
21/51                     
22/51 [predict-hazards]   
23/51                     
24/51 [hazard-plots]      
25/51                     
26/51 [hazard-rmse]       
27/51                     
28/51 [tpm-functions]     
29/51                     
30/51 [compute-prevalence]
31/51                     
32/51 [prevalence-plots]  
33/51                     
34/51 [prevalence-rmse]   
35/51                     
36/51 [ci-functions]      
37/51                     
38/51 [compute-ci]        
39/51                     
40/51 [ci-plots]          
41/51                     
42/51 [ci-rmse]           
43/51                     
44/51 [summary-table]     
45/51                     
46/51 [timing-table]      
47/51                     
48/51 [conclusions]       
49/51                     
50/51 [session-info]      
51/51                     
[31moutput file: spline_comparison_benchmark.knit.md

[39m[1mpandoc [22m
  to: html
  output-file: spline_comparison_benchmark.html
  standalone: true
  title-prefix: MultistateModels Test Reports
  section-divs: true
  html-math-method: mathjax
  wrap: none
  default-image-extension: png
  toc: true
  toc-depth: 3
  variables: {}
  
[1mmetadata[22m
  document-css: false
  link-citations: true
  date-format: long
  lang: en
  theme: cosmo
  code-summary: Show code
  title: Spline Methods Comparison
  subtitle: Comparing MultistateModels.jl Splines vs pammtools/mgcv and flexsurv
  date: last-modified
  

Output created: _site/spline_comparison_benchmark.html

