Starting long tests...
======================================================================
[ Info:   Running: exp_exact_nocov

******************************************************************************
This program contains Ipopt, a library for large-scale nonlinear optimization.
 Ipopt is released as open source code under the Eclipse Public License (EPL).
         For more information visit https://github.com/coin-or/Ipopt
******************************************************************************

[ Info:     Result: PASS
[ Info:   Running: exp_exact_fixed
[ Info:     Result: PASS
[ Info:   Running: exp_exact_tvc
[ Info:     Result: PASS
[ Info:   Running: wei_exact_nocov
[ Info:     Result: PASS
[ Info:   Running: wei_exact_fixed
[ Info:     Result: PASS
[ Info:   Running: wei_exact_tvc
[ Info:     Result: PASS
[ Info:   Running: gom_exact_nocov
[ Info:     Result: PASS
[ Info:   Running: gom_exact_fixed
[ Info:     Result: PASS
[ Info:   Running: gom_exact_tvc
[ Info:     Result: PASS
[ Info:   Running: exp_panel_nocov
[ Info:     Result: PASS
[ Info:   Running: exp_panel_fixed
[ Info:     Result: PASS
[ Info:   Running: exp_panel_tvc
[ Info:     Result: PASS
[ Info:   Running: wei_mcem_nocov
[ Info:     Result: PASS
[ Info:   Running: wei_mcem_fixed
[ Info:     Result: PASS
[ Info:   Running: wei_mcem_tvc
[ Info:     Result: PASS
[ Info:   Running: gom_mcem_nocov
[ Info:     Result: PASS
[ Info:   Running: gom_mcem_fixed
[ Info:     Result: PASS
[ Info:   Running: gom_mcem_tvc
[ Info:     Result: PASS
Test Summary:              | Pass  Total      Time
Parametric Long Test Suite |   18     18  10m05.6s
